{"D:\\social-news-aggregator-platform\\ui-library\\src\\index.ts": {"path":"D:\\social-news-aggregator-platform\\ui-library\\src\\index.ts","statementMap":{"0":{"start":{"line":1,"column":0},"end":{"line":1,"column":9}},"1":{"start":{"line":1,"column":9},"end":{"line":1,"column":40}},"2":{"start":{"line":2,"column":0},"end":{"line":2,"column":9}},"3":{"start":{"line":2,"column":9},"end":{"line":2,"column":37}},"4":{"start":{"line":3,"column":0},"end":{"line":3,"column":9}},"5":{"start":{"line":3,"column":9},"end":{"line":3,"column":46}},"6":{"start":{"line":4,"column":0},"end":{"line":4,"column":9}},"7":{"start":{"line":4,"column":9},"end":{"line":4,"column":46}}},"fnMap":{"0":{"name":"(anonymous_0)","decl":{"start":{"line":1,"column":9},"end":{"line":1,"column":15}},"loc":{"start":{"line":1,"column":9},"end":{"line":1,"column":40}}},"1":{"name":"(anonymous_1)","decl":{"start":{"line":2,"column":9},"end":{"line":2,"column":14}},"loc":{"start":{"line":2,"column":9},"end":{"line":2,"column":37}}},"2":{"name":"(anonymous_2)","decl":{"start":{"line":3,"column":9},"end":{"line":3,"column":17}},"loc":{"start":{"line":3,"column":9},"end":{"line":3,"column":46}}},"3":{"name":"(anonymous_3)","decl":{"start":{"line":4,"column":9},"end":{"line":4,"column":17}},"loc":{"start":{"line":4,"column":9},"end":{"line":4,"column":46}}}},"branchMap":{},"s":{"0":0,"1":0,"2":0,"3":0,"4":0,"5":0,"6":0,"7":0},"f":{"0":0,"1":0,"2":0,"3":0},"b":{}}
,"D:\\social-news-aggregator-platform\\ui-library\\src\\Button\\Button.tsx": {"path":"D:\\social-news-aggregator-platform\\ui-library\\src\\Button\\Button.tsx","statementMap":{"0":{"start":{"line":1,"column":0},"end":{"line":1,"column":25}},"1":{"start":{"line":3,"column":0},"end":{"line":3,"column":40}},"2":{"start":{"line":14,"column":22},"end":{"line":27,"column":1}},"3":{"start":{"line":15,"column":105},"end":{"line":15,"column":110}},"4":{"start":{"line":17,"column":2},"end":{"line":26,"column":null}},"5":{"start":{"line":14,"column":13},"end":{"line":14,"column":22}}},"fnMap":{"0":{"name":"(anonymous_1)","decl":{"start":{"line":14,"column":22},"end":{"line":14,"column":23}},"loc":{"start":{"line":14,"column":45},"end":{"line":27,"column":1}}}},"branchMap":{"0":{"loc":{"start":{"line":15,"column":10},"end":{"line":15,"column":25}},"type":"default-arg","locations":[{"start":{"line":15,"column":17},"end":{"line":15,"column":25}}]},"1":{"loc":{"start":{"line":15,"column":27},"end":{"line":15,"column":46}},"type":"default-arg","locations":[{"start":{"line":15,"column":37},"end":{"line":15,"column":46}}]},"2":{"loc":{"start":{"line":15,"column":48},"end":{"line":15,"column":63}},"type":"default-arg","locations":[{"start":{"line":15,"column":55},"end":{"line":15,"column":63}}]},"3":{"loc":{"start":{"line":15,"column":75},"end":{"line":15,"column":91}},"type":"default-arg","locations":[{"start":{"line":15,"column":86},"end":{"line":15,"column":91}}]}},"s":{"0":1,"1":1,"2":1,"3":14,"4":14,"5":1},"f":{"0":14},"b":{"0":[12],"1":[10],"2":[10],"3":[11]}}
,"D:\\social-news-aggregator-platform\\ui-library\\src\\Input\\Input.tsx": {"path":"D:\\social-news-aggregator-platform\\ui-library\\src\\Input\\Input.tsx","statementMap":{"0":{"start":{"line":1,"column":0},"end":{"line":1,"column":25}},"1":{"start":{"line":3,"column":0},"end":{"line":3,"column":39}},"2":{"start":{"line":13,"column":21},"end":{"line":26,"column":1}},"3":{"start":{"line":14,"column":76},"end":{"line":14,"column":81}},"4":{"start":{"line":16,"column":2},"end":{"line":25,"column":null}},"5":{"start":{"line":13,"column":13},"end":{"line":13,"column":21}}},"fnMap":{"0":{"name":"(anonymous_1)","decl":{"start":{"line":13,"column":21},"end":{"line":13,"column":22}},"loc":{"start":{"line":13,"column":43},"end":{"line":26,"column":1}}}},"branchMap":{"0":{"loc":{"start":{"line":14,"column":10},"end":{"line":14,"column":23}},"type":"default-arg","locations":[{"start":{"line":14,"column":17},"end":{"line":14,"column":23}}]},"1":{"loc":{"start":{"line":14,"column":55},"end":{"line":14,"column":71}},"type":"default-arg","locations":[{"start":{"line":14,"column":66},"end":{"line":14,"column":71}}]}},"s":{"0":1,"1":1,"2":1,"3":14,"4":14,"5":1},"f":{"0":14},"b":{"0":[10],"1":[12]}}
,"D:\\social-news-aggregator-platform\\ui-library\\src\\NewsCard\\NewsCard.tsx": {"path":"D:\\social-news-aggregator-platform\\ui-library\\src\\NewsCard\\NewsCard.tsx","statementMap":{"0":{"start":{"line":1,"column":0},"end":{"line":1,"column":42}},"1":{"start":{"line":16,"column":24},"end":{"line":44,"column":1}},"2":{"start":{"line":17,"column":108},"end":{"line":17,"column":113}},"3":{"start":{"line":19,"column":2},"end":{"line":43,"column":null}},"4":{"start":{"line":34,"column":12},"end":{"line":34,"column":29}},"5":{"start":{"line":16,"column":13},"end":{"line":16,"column":24}}},"fnMap":{"0":{"name":"(anonymous_1)","decl":{"start":{"line":16,"column":24},"end":{"line":16,"column":25}},"loc":{"start":{"line":16,"column":49},"end":{"line":44,"column":1}}},"1":{"name":"(anonymous_2)","decl":{"start":{"line":33,"column":36},"end":{"line":33,"column":37}},"loc":{"start":{"line":34,"column":12},"end":{"line":34,"column":29}}}},"branchMap":{"0":{"loc":{"start":{"line":22,"column":10},"end":{"line":22,"column":65}},"type":"binary-expr","locations":[{"start":{"line":22,"column":10},"end":{"line":22,"column":19}},{"start":{"line":22,"column":23},"end":{"line":22,"column":65}}]},"1":{"loc":{"start":{"line":30,"column":11},"end":{"line":30,"column":65}},"type":"cond-expr","locations":[{"start":{"line":30,"column":24},"end":{"line":30,"column":31}},{"start":{"line":30,"column":35},"end":{"line":30,"column":64}}]},"2":{"loc":{"start":{"line":32,"column":10},"end":{"line":35,"column":59}},"type":"binary-expr","locations":[{"start":{"line":32,"column":10},"end":{"line":32,"column":29}},{"start":{"line":33,"column":10},"end":{"line":35,"column":57}}]},"3":{"loc":{"start":{"line":33,"column":10},"end":{"line":35,"column":57}},"type":"cond-expr","locations":[{"start":{"line":33,"column":23},"end":{"line":35,"column":12}},{"start":{"line":35,"column":15},"end":{"line":35,"column":57}}]},"4":{"loc":{"start":{"line":40,"column":38},"end":{"line":40,"column":57}},"type":"cond-expr","locations":[{"start":{"line":40,"column":46},"end":{"line":40,"column":50}},{"start":{"line":40,"column":53},"end":{"line":40,"column":57}}]}},"s":{"0":1,"1":1,"2":7,"3":7,"4":4,"5":1},"f":{"0":7,"1":4},"b":{"0":[7,7],"1":[2,5],"2":[7,7],"3":[2,5],"4":[1,6]}}
,"D:\\social-news-aggregator-platform\\ui-library\\src\\TextArea\\TextArea.tsx": {"path":"D:\\social-news-aggregator-platform\\ui-library\\src\\TextArea\\TextArea.tsx","statementMap":{"0":{"start":{"line":1,"column":0},"end":{"line":1,"column":25}},"1":{"start":{"line":3,"column":0},"end":{"line":3,"column":42}},"2":{"start":{"line":13,"column":24},"end":{"line":26,"column":1}},"3":{"start":{"line":14,"column":70},"end":{"line":14,"column":75}},"4":{"start":{"line":16,"column":2},"end":{"line":25,"column":null}},"5":{"start":{"line":13,"column":13},"end":{"line":13,"column":24}}},"fnMap":{"0":{"name":"(anonymous_1)","decl":{"start":{"line":13,"column":24},"end":{"line":13,"column":25}},"loc":{"start":{"line":13,"column":49},"end":{"line":26,"column":1}}}},"branchMap":{"0":{"loc":{"start":{"line":14,"column":30},"end":{"line":14,"column":38}},"type":"default-arg","locations":[{"start":{"line":14,"column":37},"end":{"line":14,"column":38}}]},"1":{"loc":{"start":{"line":14,"column":50},"end":{"line":14,"column":66}},"type":"default-arg","locations":[{"start":{"line":14,"column":61},"end":{"line":14,"column":66}}]}},"s":{"0":1,"1":1,"2":1,"3":12,"4":12,"5":1},"f":{"0":12},"b":{"0":[10],"1":[10]}}
}
