TN:
SF:src\index.ts
FN:1,(anonymous_0)
FN:2,(anonymous_1)
FN:3,(anonymous_2)
FN:4,(anonymous_3)
FNF:4
FNH:0
FNDA:0,(anonymous_0)
FNDA:0,(anonymous_1)
FNDA:0,(anonymous_2)
FNDA:0,(anonymous_3)
DA:1,0
DA:2,0
DA:3,0
DA:4,0
LF:4
LH:0
BRF:0
BRH:0
end_of_record
TN:
SF:src\Button\Button.tsx
FN:14,(anonymous_1)
FNF:1
FNH:1
FNDA:14,(anonymous_1)
DA:1,1
DA:3,1
DA:14,1
DA:15,14
DA:17,14
LF:5
LH:5
BRDA:15,0,0,12
BRDA:15,1,0,10
BRDA:15,2,0,10
BRDA:15,3,0,11
BRF:4
BRH:4
end_of_record
TN:
SF:src\Input\Input.tsx
FN:13,(anonymous_1)
FNF:1
FNH:1
FNDA:14,(anonymous_1)
DA:1,1
DA:3,1
DA:13,1
DA:14,14
DA:16,14
LF:5
LH:5
BRDA:14,0,0,10
BRDA:14,1,0,12
BRF:2
BRH:2
end_of_record
TN:
SF:src\NewsCard\NewsCard.tsx
FN:16,(anonymous_1)
FN:33,(anonymous_2)
FNF:2
FNH:2
FNDA:7,(anonymous_1)
FNDA:4,(anonymous_2)
DA:1,1
DA:16,1
DA:17,7
DA:19,7
DA:34,4
LF:5
LH:5
BRDA:22,0,0,7
BRDA:22,0,1,7
BRDA:30,1,0,2
BRDA:30,1,1,5
BRDA:32,2,0,7
BRDA:32,2,1,7
BRDA:33,3,0,2
BRDA:33,3,1,5
BRDA:40,4,0,1
BRDA:40,4,1,6
BRF:10
BRH:10
end_of_record
TN:
SF:src\TextArea\TextArea.tsx
FN:13,(anonymous_1)
FNF:1
FNH:1
FNDA:12,(anonymous_1)
DA:1,1
DA:3,1
DA:13,1
DA:14,12
DA:16,12
LF:5
LH:5
BRDA:14,0,0,10
BRDA:14,1,0,10
BRF:2
BRH:2
end_of_record
