{"D:\\social-news-aggregator-platform\\social-app\\src\\App.tsx": {"path":"D:\\social-news-aggregator-platform\\social-app\\src\\App.tsx","statementMap":{"0":{"start":{"line":1,"column":0},"end":{"line":1,"column":73}},"1":{"start":{"line":3,"column":0},"end":{"line":3,"column":53}},"2":{"start":{"line":4,"column":0},"end":{"line":4,"column":52}},"3":{"start":{"line":5,"column":0},"end":{"line":5,"column":18}},"4":{"start":{"line":8,"column":2},"end":{"line":17,"column":null}},"5":{"start":{"line":20,"column":0},"end":{"line":20,"column":null}}},"fnMap":{"0":{"name":"App","decl":{"start":{"line":7,"column":9},"end":{"line":7,"column":12}},"loc":{"start":{"line":7,"column":12},"end":{"line":18,"column":1}}}},"branchMap":{},"s":{"0":0,"1":0,"2":0,"3":0,"4":0,"5":0},"f":{"0":0},"b":{}}
,"D:\\social-news-aggregator-platform\\social-app\\src\\main.tsx": {"path":"D:\\social-news-aggregator-platform\\social-app\\src\\main.tsx","statementMap":{"0":{"start":{"line":1,"column":0},"end":{"line":1,"column":34}},"1":{"start":{"line":3,"column":0},"end":{"line":3,"column":45}},"2":{"start":{"line":5,"column":0},"end":{"line":5,"column":20}},"3":{"start":{"line":6,"column":0},"end":{"line":6,"column":27}},"4":{"start":{"line":8,"column":0},"end":{"line":12,"column":null}}},"fnMap":{},"branchMap":{},"s":{"0":0,"1":0,"2":0,"3":0,"4":0},"f":{},"b":{}}
,"D:\\social-news-aggregator-platform\\social-app\\src\\components\\AuthForm\\AuthForm.tsx": {"path":"D:\\social-news-aggregator-platform\\social-app\\src\\components\\AuthForm\\AuthForm.tsx","statementMap":{"0":{"start":{"line":1,"column":0},"end":{"line":1,"column":42}},"1":{"start":{"line":3,"column":24},"end":{"line":9,"column":1}},"2":{"start":{"line":4,"column":2},"end":{"line":8,"column":null}},"3":{"start":{"line":3,"column":13},"end":{"line":3,"column":24}}},"fnMap":{"0":{"name":"(anonymous_1)","decl":{"start":{"line":3,"column":24},"end":{"line":3,"column":27}},"loc":{"start":{"line":3,"column":29},"end":{"line":9,"column":1}}}},"branchMap":{},"s":{"0":0,"1":0,"2":0,"3":0},"f":{"0":0},"b":{}}
,"D:\\social-news-aggregator-platform\\social-app\\src\\components\\CreatePostModal\\CreatePostModal.tsx": {"path":"D:\\social-news-aggregator-platform\\social-app\\src\\components\\CreatePostModal\\CreatePostModal.tsx","statementMap":{"0":{"start":{"line":1,"column":31},"end":{"line":3,"column":1}},"1":{"start":{"line":2,"column":2},"end":{"line":2,"column":null}},"2":{"start":{"line":1,"column":13},"end":{"line":1,"column":31}}},"fnMap":{"0":{"name":"(anonymous_0)","decl":{"start":{"line":1,"column":31},"end":{"line":1,"column":34}},"loc":{"start":{"line":1,"column":36},"end":{"line":3,"column":1}}}},"branchMap":{},"s":{"0":0,"1":0,"2":0},"f":{"0":0},"b":{}}
,"D:\\social-news-aggregator-platform\\social-app\\src\\components\\Header\\Header.tsx": {"path":"D:\\social-news-aggregator-platform\\social-app\\src\\components\\Header\\Header.tsx","statementMap":{"0":{"start":{"line":1,"column":0},"end":{"line":1,"column":50}},"1":{"start":{"line":3,"column":0},"end":{"line":3,"column":40}},"2":{"start":{"line":5,"column":22},"end":{"line":26,"column":1}},"3":{"start":{"line":6,"column":2},"end":{"line":25,"column":null}},"4":{"start":{"line":5,"column":13},"end":{"line":5,"column":22}}},"fnMap":{"0":{"name":"(anonymous_1)","decl":{"start":{"line":5,"column":22},"end":{"line":5,"column":25}},"loc":{"start":{"line":5,"column":27},"end":{"line":26,"column":1}}}},"branchMap":{},"s":{"0":0,"1":0,"2":0,"3":0,"4":0},"f":{"0":0},"b":{}}
,"D:\\social-news-aggregator-platform\\social-app\\src\\components\\NewsFeed\\NewsFeed.tsx": {"path":"D:\\social-news-aggregator-platform\\social-app\\src\\components\\NewsFeed\\NewsFeed.tsx","statementMap":{"0":{"start":{"line":1,"column":0},"end":{"line":1,"column":42}},"1":{"start":{"line":3,"column":24},"end":{"line":9,"column":1}},"2":{"start":{"line":4,"column":2},"end":{"line":8,"column":null}},"3":{"start":{"line":3,"column":13},"end":{"line":3,"column":24}}},"fnMap":{"0":{"name":"(anonymous_1)","decl":{"start":{"line":3,"column":24},"end":{"line":3,"column":27}},"loc":{"start":{"line":3,"column":29},"end":{"line":9,"column":1}}}},"branchMap":{},"s":{"0":0,"1":0,"2":0,"3":0},"f":{"0":0},"b":{}}
,"D:\\social-news-aggregator-platform\\social-app\\src\\components\\Sidebar\\Sidebar.tsx": {"path":"D:\\social-news-aggregator-platform\\social-app\\src\\components\\Sidebar\\Sidebar.tsx","statementMap":{"0":{"start":{"line":1,"column":0},"end":{"line":1,"column":37}},"1":{"start":{"line":3,"column":0},"end":{"line":3,"column":43}},"2":{"start":{"line":4,"column":0},"end":{"line":4,"column":46}},"3":{"start":{"line":6,"column":0},"end":{"line":6,"column":41}},"4":{"start":{"line":11,"column":23},"end":{"line":45,"column":1}},"5":{"start":{"line":12,"column":23},"end":{"line":12,"column":28}},"6":{"start":{"line":13,"column":19},"end":{"line":13,"column":32}},"7":{"start":{"line":15,"column":23},"end":{"line":20,"column":3}},"8":{"start":{"line":16,"column":4},"end":{"line":18,"column":5}},"9":{"start":{"line":17,"column":6},"end":{"line":17,"column":null}},"10":{"start":{"line":19,"column":4},"end":{"line":19,"column":null}},"11":{"start":{"line":22,"column":2},"end":{"line":44,"column":null}},"12":{"start":{"line":11,"column":13},"end":{"line":11,"column":23}}},"fnMap":{"0":{"name":"(anonymous_1)","decl":{"start":{"line":11,"column":23},"end":{"line":11,"column":24}},"loc":{"start":{"line":11,"column":47},"end":{"line":45,"column":1}}},"1":{"name":"(anonymous_2)","decl":{"start":{"line":15,"column":23},"end":{"line":15,"column":26}},"loc":{"start":{"line":15,"column":28},"end":{"line":20,"column":3}}}},"branchMap":{"0":{"loc":{"start":{"line":16,"column":4},"end":{"line":18,"column":5}},"type":"if","locations":[{"start":{"line":16,"column":4},"end":{"line":18,"column":5}},{"start":{},"end":{}}]}},"s":{"0":0,"1":0,"2":0,"3":0,"4":0,"5":0,"6":0,"7":0,"8":0,"9":0,"10":0,"11":0,"12":0},"f":{"0":0,"1":0},"b":{"0":[0,0]}}
,"D:\\social-news-aggregator-platform\\social-app\\src\\pages\\AuthPages\\AuthPage.tsx": {"path":"D:\\social-news-aggregator-platform\\social-app\\src\\pages\\AuthPages\\AuthPage.tsx","statementMap":{"0":{"start":{"line":1,"column":0},"end":{"line":1,"column":61}},"1":{"start":{"line":3,"column":24},"end":{"line":9,"column":1}},"2":{"start":{"line":4,"column":2},"end":{"line":8,"column":null}},"3":{"start":{"line":3,"column":13},"end":{"line":3,"column":24}}},"fnMap":{"0":{"name":"(anonymous_0)","decl":{"start":{"line":3,"column":24},"end":{"line":3,"column":27}},"loc":{"start":{"line":3,"column":29},"end":{"line":9,"column":1}}}},"branchMap":{},"s":{"0":0,"1":0,"2":0,"3":0},"f":{"0":0},"b":{}}
,"D:\\social-news-aggregator-platform\\social-app\\src\\pages\\HomePage\\HomePage.tsx": {"path":"D:\\social-news-aggregator-platform\\social-app\\src\\pages\\HomePage\\HomePage.tsx","statementMap":{"0":{"start":{"line":1,"column":0},"end":{"line":1,"column":55}},"1":{"start":{"line":2,"column":0},"end":{"line":2,"column":61}},"2":{"start":{"line":3,"column":0},"end":{"line":3,"column":58}},"3":{"start":{"line":5,"column":24},"end":{"line":15,"column":1}},"4":{"start":{"line":6,"column":2},"end":{"line":14,"column":null}},"5":{"start":{"line":5,"column":13},"end":{"line":5,"column":24}}},"fnMap":{"0":{"name":"(anonymous_0)","decl":{"start":{"line":5,"column":24},"end":{"line":5,"column":27}},"loc":{"start":{"line":5,"column":29},"end":{"line":15,"column":1}}}},"branchMap":{},"s":{"0":0,"1":0,"2":0,"3":0,"4":0,"5":0},"f":{"0":0},"b":{}}
}
